[0m[[0m[0mdebug[0m] [0m[0m> Exec(test, None, None)[0m
[0m[[0m[0mdebug[0m] [0m[0mEvaluating tasks: Test / test[0m
[0m[[0m[0mdebug[0m] [0m[0mRunning task... Cancel: Signal, check cycles: false, forcegc: true[0m
[0m[[0m[33mwarn[0m] [0m[0mCanceling execution...[0m
[0m[[0m[33mwarn[0m] [0m[0mIn the last 10 seconds, 5.471 (56,6%) were spent in GC. [Heap: 0,07GB free of 1,50GB, max 1,50GB] Consider increasing the JVM heap using `-Xmx` or try a different collector, e.g. `-XX:+UseG1GC`, for better performance.[0m
[0m[[0m[33mwarn[0m] [0m[0mIn the last 10 seconds, 6.925 (69,7%) were spent in GC. [Heap: 0,07GB free of 1,50GB, max 1,50GB] Consider increasing the JVM heap using `-Xmx` or try a different collector, e.g. `-XX:+UseG1GC`, for better performance.[0m
[0m[[0m[33mwarn[0m] [0m[0mIn the last 10 seconds, 8.703 (91,1%) were spent in GC. [Heap: 0,06GB free of 1,50GB, max 1,50GB] Consider increasing the JVM heap using `-Xmx` or try a different collector, e.g. `-XX:+UseG1GC`, for better performance.[0m
[0m[[0m[33mwarn[0m] [0m[0mIn the last 8 seconds, 7.358 (95,2%) were spent in GC. [Heap: 0,06GB free of 1,50GB, max 1,50GB] Consider increasing the JVM heap using `-Xmx` or try a different collector, e.g. `-XX:+UseG1GC`, for better performance.[0m
[0m[[0m[33mwarn[0m] [0m[0mIn the last 9 seconds, 7.752 (94,2%) were spent in GC. [Heap: 0,05GB free of 1,50GB, max 1,50GB] Consider increasing the JVM heap using `-Xmx` or try a different collector, e.g. `-XX:+UseG1GC`, for better performance.[0m
[0m[[0m[33mwarn[0m] [0m[0mIn the last 6 seconds, 5.715 (95,9%) were spent in GC. [Heap: 0,05GB free of 1,50GB, max 1,50GB] Consider increasing the JVM heap using `-Xmx` or try a different collector, e.g. `-XX:+UseG1GC`, for better performance.[0m
[0m[[0m[33mwarn[0m] [0m[0mIn the last 7 seconds, 5.682 (91,7%) were spent in GC. [Heap: 0,05GB free of 1,50GB, max 1,50GB] Consider increasing the JVM heap using `-Xmx` or try a different collector, e.g. `-XX:+UseG1GC`, for better performance.[0m
[0m[[0m[33mwarn[0m] [0m[0mIn the last 7 seconds, 5.918 (96,9%) were spent in GC. [Heap: 0,05GB free of 1,50GB, max 1,50GB] Consider increasing the JVM heap using `-Xmx` or try a different collector, e.g. `-XX:+UseG1GC`, for better performance.[0m
[0m[[0m[33mwarn[0m] [0m[0mIn the last 8 seconds, 7.439 (94,6%) were spent in GC. [Heap: 0,05GB free of 1,50GB, max 1,50GB] Consider increasing the JVM heap using `-Xmx` or try a different collector, e.g. `-XX:+UseG1GC`, for better performance.[0m
[0m[[0m[33mwarn[0m] [0m[0mIn the last 10 seconds, 9.027 (94,9%) were spent in GC. [Heap: 0,04GB free of 1,50GB, max 1,50GB] Consider increasing the JVM heap using `-Xmx` or try a different collector, e.g. `-XX:+UseG1GC`, for better performance.[0m
[0m[[0m[33mwarn[0m] [0m[0mIn the last 9 seconds, 8.254 (92,5%) were spent in GC. [Heap: 0,04GB free of 1,50GB, max 1,50GB] Consider increasing the JVM heap using `-Xmx` or try a different collector, e.g. `-XX:+UseG1GC`, for better performance.[0m
[0m[[0m[33mwarn[0m] [0m[0mIn the last 12 seconds, 10.087 (88,8%) were spent in GC. [Heap: 0,04GB free of 1,50GB, max 1,50GB] Consider increasing the JVM heap using `-Xmx` or try a different collector, e.g. `-XX:+UseG1GC`, for better performance.[0m
[0m[[0m[33mwarn[0m] [0m[0mIn the last 7 seconds, 6.23 (90,5%) were spent in GC. [Heap: 0,04GB free of 1,50GB, max 1,50GB] Consider increasing the JVM heap using `-Xmx` or try a different collector, e.g. `-XX:+UseG1GC`, for better performance.[0m
[0m[[0m[33mwarn[0m] [0m[0mIn the last 7 seconds, 6.331 (96,9%) were spent in GC. [Heap: 0,04GB free of 1,50GB, max 1,50GB] Consider increasing the JVM heap using `-Xmx` or try a different collector, e.g. `-XX:+UseG1GC`, for better performance.[0m
[0m[[0m[33mwarn[0m] [0m[0mIn the last 9 seconds, 8.177 (96,0%) were spent in GC. [Heap: 0,03GB free of 1,50GB, max 1,50GB] Consider increasing the JVM heap using `-Xmx` or try a different collector, e.g. `-XX:+UseG1GC`, for better performance.[0m
[0m[[0m[33mwarn[0m] [0m[0mIn the last 8 seconds, 7.333 (97,1%) were spent in GC. [Heap: 0,03GB free of 1,50GB, max 1,50GB] Consider increasing the JVM heap using `-Xmx` or try a different collector, e.g. `-XX:+UseG1GC`, for better performance.[0m
[0m[[0m[33mwarn[0m] [0m[0mIn the last 8 seconds, 7.685 (97,5%) were spent in GC. [Heap: 0,03GB free of 1,50GB, max 1,50GB] Consider increasing the JVM heap using `-Xmx` or try a different collector, e.g. `-XX:+UseG1GC`, for better performance.[0m
[0m[[0m[33mwarn[0m] [0m[0mIn the last 8 seconds, 6.886 (96,9%) were spent in GC. [Heap: 0,03GB free of 1,50GB, max 1,50GB] Consider increasing the JVM heap using `-Xmx` or try a different collector, e.g. `-XX:+UseG1GC`, for better performance.[0m
[0m[[0m[33mwarn[0m] [0m[0mIn the last 9 seconds, 8.237 (96,9%) were spent in GC. [Heap: 0,03GB free of 1,50GB, max 1,50GB] Consider increasing the JVM heap using `-Xmx` or try a different collector, e.g. `-XX:+UseG1GC`, for better performance.[0m
[0m[[0m[33mwarn[0m] [0m[0mIn the last 8 seconds, 7.506 (97,3%) were spent in GC. [Heap: 0,02GB free of 1,50GB, max 1,50GB] Consider increasing the JVM heap using `-Xmx` or try a different collector, e.g. `-XX:+UseG1GC`, for better performance.[0m
[0m[[0m[33mwarn[0m] [0m[0mIn the last 8 seconds, 7.494 (97,3%) were spent in GC. [Heap: 0,02GB free of 1,50GB, max 1,50GB] Consider increasing the JVM heap using `-Xmx` or try a different collector, e.g. `-XX:+UseG1GC`, for better performance.[0m
[0m[[0m[33mwarn[0m] [0m[0mIn the last 9 seconds, 8.564 (97,6%) were spent in GC. [Heap: 0,02GB free of 1,50GB, max 1,50GB] Consider increasing the JVM heap using `-Xmx` or try a different collector, e.g. `-XX:+UseG1GC`, for better performance.[0m
[0m[[0m[33mwarn[0m] [0m[0mIn the last 8 seconds, 7.795 (98,4%) were spent in GC. [Heap: 0,02GB free of 1,50GB, max 1,50GB] Consider increasing the JVM heap using `-Xmx` or try a different collector, e.g. `-XX:+UseG1GC`, for better performance.[0m
[0m[[0m[33mwarn[0m] [0m[0mIn the last 7 seconds, 6.479 (97,9%) were spent in GC. [Heap: 0,02GB free of 1,50GB, max 1,50GB] Consider increasing the JVM heap using `-Xmx` or try a different collector, e.g. `-XX:+UseG1GC`, for better performance.[0m
[0m[[0m[33mwarn[0m] [0m[0mIn the last 9 seconds, 8.262 (98,0%) were spent in GC. [Heap: 0,02GB free of 1,50GB, max 1,50GB] Consider increasing the JVM heap using `-Xmx` or try a different collector, e.g. `-XX:+UseG1GC`, for better performance.[0m
[0m[[0m[33mwarn[0m] [0m[0mIn the last 6 seconds, 5.839 (98,5%) were spent in GC. [Heap: 0,02GB free of 1,50GB, max 1,50GB] Consider increasing the JVM heap using `-Xmx` or try a different collector, e.g. `-XX:+UseG1GC`, for better performance.[0m
[0m[[0m[33mwarn[0m] [0m[0mIn the last 9 seconds, 8.674 (98,8%) were spent in GC. [Heap: 0,02GB free of 1,50GB, max 1,50GB] Consider increasing the JVM heap using `-Xmx` or try a different collector, e.g. `-XX:+UseG1GC`, for better performance.[0m
[0m[[0m[33mwarn[0m] [0m[0mIn the last 8 seconds, 7.707 (98,2%) were spent in GC. [Heap: 0,01GB free of 1,50GB, max 1,50GB] Consider increasing the JVM heap using `-Xmx` or try a different collector, e.g. `-XX:+UseG1GC`, for better performance.[0m
[0m[[0m[33mwarn[0m] [0m[0mIn the last 8 seconds, 7.631 (98,2%) were spent in GC. [Heap: 0,01GB free of 1,50GB, max 1,50GB] Consider increasing the JVM heap using `-Xmx` or try a different collector, e.g. `-XX:+UseG1GC`, for better performance.[0m
[0m[[0m[33mwarn[0m] [0m[0mIn the last 8 seconds, 7.396 (98,5%) were spent in GC. [Heap: 0,01GB free of 1,50GB, max 1,50GB] Consider increasing the JVM heap using `-Xmx` or try a different collector, e.g. `-XX:+UseG1GC`, for better performance.[0m
[0m[[0m[33mwarn[0m] [0m[0mIn the last 7 seconds, 6.516 (98,7%) were spent in GC. [Heap: 0,01GB free of 1,50GB, max 1,50GB] Consider increasing the JVM heap using `-Xmx` or try a different collector, e.g. `-XX:+UseG1GC`, for better performance.[0m
[0m[[0m[33mwarn[0m] [0m[0mIn the last 8 seconds, 6.989 (98,7%) were spent in GC. [Heap: 0,01GB free of 1,50GB, max 1,50GB] Consider increasing the JVM heap using `-Xmx` or try a different collector, e.g. `-XX:+UseG1GC`, for better performance.[0m
[0m[[0m[33mwarn[0m] [0m[0mIn the last 9 seconds, 8.752 (98,4%) were spent in GC. [Heap: 0,01GB free of 1,50GB, max 1,50GB] Consider increasing the JVM heap using `-Xmx` or try a different collector, e.g. `-XX:+UseG1GC`, for better performance.[0m
[0m[[0m[33mwarn[0m] [0m[0mIn the last 8 seconds, 7.694 (99,1%) were spent in GC. [Heap: 0,01GB free of 1,50GB, max 1,50GB] Consider increasing the JVM heap using `-Xmx` or try a different collector, e.g. `-XX:+UseG1GC`, for better performance.[0m
[0m[[0m[33mwarn[0m] [0m[0mIn the last 9 seconds, 8.81 (99,2%) were spent in GC. [Heap: 0,01GB free of 1,50GB, max 1,50GB] Consider increasing the JVM heap using `-Xmx` or try a different collector, e.g. `-XX:+UseG1GC`, for better performance.[0m
[0m[[0m[33mwarn[0m] [0m[0mIn the last 8 seconds, 7.67 (98,6%) were spent in GC. [Heap: 0,01GB free of 1,50GB, max 1,50GB] Consider increasing the JVM heap using `-Xmx` or try a different collector, e.g. `-XX:+UseG1GC`, for better performance.[0m
[0m[[0m[33mwarn[0m] [0m[0mIn the last 8 seconds, 7.496 (98,2%) were spent in GC. [Heap: 0,01GB free of 1,50GB, max 1,50GB] Consider increasing the JVM heap using `-Xmx` or try a different collector, e.g. `-XX:+UseG1GC`, for better performance.[0m
[0m[[0m[33mwarn[0m] [0m[0mIn the last 6 seconds, 5.741 (98,7%) were spent in GC. [Heap: 0,01GB free of 1,50GB, max 1,50GB] Consider increasing the JVM heap using `-Xmx` or try a different collector, e.g. `-XX:+UseG1GC`, for better performance.[0m
[0m[[0m[33mwarn[0m] [0m[0mIn the last 9 seconds, 8.875 (99,3%) were spent in GC. [Heap: 0,01GB free of 1,50GB, max 1,50GB] Consider increasing the JVM heap using `-Xmx` or try a different collector, e.g. `-XX:+UseG1GC`, for better performance.[0m
[0m[[0m[33mwarn[0m] [0m[0mIn the last 7 seconds, 6.858 (99,0%) were spent in GC. [Heap: 0,01GB free of 1,50GB, max 1,50GB] Consider increasing the JVM heap using `-Xmx` or try a different collector, e.g. `-XX:+UseG1GC`, for better performance.[0m
[0m[[0m[33mwarn[0m] [0m[0mIn the last 8 seconds, 7.511 (99,0%) were spent in GC. [Heap: 0,00GB free of 1,50GB, max 1,50GB] Consider increasing the JVM heap using `-Xmx` or try a different collector, e.g. `-XX:+UseG1GC`, for better performance.[0m
[0m[[0m[33mwarn[0m] [0m[0mIn the last 7 seconds, 6.333 (98,6%) were spent in GC. [Heap: 0,01GB free of 1,50GB, max 1,50GB] Consider increasing the JVM heap using `-Xmx` or try a different collector, e.g. `-XX:+UseG1GC`, for better performance.[0m
[0m[[0m[33mwarn[0m] [0m[0mIn the last 9 seconds, 8.005 (99,4%) were spent in GC. [Heap: 0,01GB free of 1,50GB, max 1,50GB] Consider increasing the JVM heap using `-Xmx` or try a different collector, e.g. `-XX:+UseG1GC`, for better performance.[0m
[0m[[0m[33mwarn[0m] [0m[0mIn the last 8 seconds, 7.336 (99,6%) were spent in GC. [Heap: 0,01GB free of 1,50GB, max 1,50GB] Consider increasing the JVM heap using `-Xmx` or try a different collector, e.g. `-XX:+UseG1GC`, for better performance.[0m
[0m[[0m[33mwarn[0m] [0m[0mIn the last 10 seconds, 9.158 (98,5%) were spent in GC. [Heap: 0,01GB free of 1,50GB, max 1,50GB] Consider increasing the JVM heap using `-Xmx` or try a different collector, e.g. `-XX:+UseG1GC`, for better performance.[0m
[0m[[0m[33mwarn[0m] [0m[0mIn the last 9 seconds, 8.962 (99,6%) were spent in GC. [Heap: 0,01GB free of 1,50GB, max 1,50GB] Consider increasing the JVM heap using `-Xmx` or try a different collector, e.g. `-XX:+UseG1GC`, for better performance.[0m
[0m[[0m[33mwarn[0m] [0m[0mIn the last 9 seconds, 8.13 (99,7%) were spent in GC. [Heap: 0,01GB free of 1,50GB, max 1,50GB] Consider increasing the JVM heap using `-Xmx` or try a different collector, e.g. `-XX:+UseG1GC`, for better performance.[0m
[0m[[0m[33mwarn[0m] [0m[0mIn the last 9 seconds, 8.146 (99,5%) were spent in GC. [Heap: 0,01GB free of 1,50GB, max 1,50GB] Consider increasing the JVM heap using `-Xmx` or try a different collector, e.g. `-XX:+UseG1GC`, for better performance.[0m
[0m[[0m[33mwarn[0m] [0m[0mIn the last 9 seconds, 8.542 (99,7%) were spent in GC. [Heap: 0,01GB free of 1,50GB, max 1,50GB] Consider increasing the JVM heap using `-Xmx` or try a different collector, e.g. `-XX:+UseG1GC`, for better performance.[0m
[0m[[0m[33mwarn[0m] [0m[0mIn the last 8 seconds, 7.002 (99,8%) were spent in GC. [Heap: 0,01GB free of 1,50GB, max 1,50GB] Consider increasing the JVM heap using `-Xmx` or try a different collector, e.g. `-XX:+UseG1GC`, for better performance.[0m
[0m[[0m[33mwarn[0m] [0m[0mIn the last 8 seconds, 7.527 (99,7%) were spent in GC. [Heap: 0,01GB free of 1,50GB, max 1,50GB] Consider increasing the JVM heap using `-Xmx` or try a different collector, e.g. `-XX:+UseG1GC`, for better performance.[0m
[0m[[0m[33mwarn[0m] [0m[0mIn the last 6 seconds, 5.793 (99,7%) were spent in GC. [Heap: 0,00GB free of 1,50GB, max 1,50GB] Consider increasing the JVM heap using `-Xmx` or try a different collector, e.g. `-XX:+UseG1GC`, for better performance.[0m
[0m[[0m[33mwarn[0m] [0m[0mIn the last 10 seconds, 9.159 (99,2%) were spent in GC. [Heap: 0,00GB free of 1,50GB, max 1,50GB] Consider increasing the JVM heap using `-Xmx` or try a different collector, e.g. `-XX:+UseG1GC`, for better performance.[0m
[0m[[0m[33mwarn[0m] [0m[0mIn the last 9 seconds, 7.983 (99,0%) were spent in GC. [Heap: 0,01GB free of 1,50GB, max 1,50GB] Consider increasing the JVM heap using `-Xmx` or try a different collector, e.g. `-XX:+UseG1GC`, for better performance.[0m
[0m[[0m[33mwarn[0m] [0m[0mIn the last 7 seconds, 6.843 (99,7%) were spent in GC. [Heap: 0,00GB free of 1,50GB, max 1,50GB] Consider increasing the JVM heap using `-Xmx` or try a different collector, e.g. `-XX:+UseG1GC`, for better performance.[0m
[0m[[0m[33mwarn[0m] [0m[0mIn the last 8 seconds, 7.719 (99,8%) were spent in GC. [Heap: 0,00GB free of 1,50GB, max 1,50GB] Consider increasing the JVM heap using `-Xmx` or try a different collector, e.g. `-XX:+UseG1GC`, for better performance.[0m
[0m[[0m[33mwarn[0m] [0m[0mIn the last 10 seconds, 9.72 (99,8%) were spent in GC. [Heap: 0,00GB free of 1,50GB, max 1,50GB] Consider increasing the JVM heap using `-Xmx` or try a different collector, e.g. `-XX:+UseG1GC`, for better performance.[0m
[0m[[0m[33mwarn[0m] [0m[0mIn the last 7 seconds, 6.156 (99,8%) were spent in GC. [Heap: 0,00GB free of 1,50GB, max 1,50GB] Consider increasing the JVM heap using `-Xmx` or try a different collector, e.g. `-XX:+UseG1GC`, for better performance.[0m
[0m[[0m[33mwarn[0m] [0m[0mIn the last 8 seconds, 7.848 (99,8%) were spent in GC. [Heap: 0,00GB free of 1,50GB, max 1,50GB] Consider increasing the JVM heap using `-Xmx` or try a different collector, e.g. `-XX:+UseG1GC`, for better performance.[0m
[0m[[0m[33mwarn[0m] [0m[0mIn the last 8 seconds, 7.011 (99,5%) were spent in GC. [Heap: 0,00GB free of 1,50GB, max 1,50GB] Consider increasing the JVM heap using `-Xmx` or try a different collector, e.g. `-XX:+UseG1GC`, for better performance.[0m
[0m[[0m[33mwarn[0m] [0m[0mIn the last 6 seconds, 5.025 (99,7%) were spent in GC. [Heap: 0,00GB free of 1,50GB, max 1,50GB] Consider increasing the JVM heap using `-Xmx` or try a different collector, e.g. `-XX:+UseG1GC`, for better performance.[0m
[0m[[0m[33mwarn[0m] [0m[0mIn the last 6 seconds, 5.472 (99,8%) were spent in GC. [Heap: 0,00GB free of 1,50GB, max 1,50GB] Consider increasing the JVM heap using `-Xmx` or try a different collector, e.g. `-XX:+UseG1GC`, for better performance.[0m
[0m[[0m[33mwarn[0m] [0m[0mIn the last 9 seconds, 8.194 (99,7%) were spent in GC. [Heap: 0,00GB free of 1,50GB, max 1,50GB] Consider increasing the JVM heap using `-Xmx` or try a different collector, e.g. `-XX:+UseG1GC`, for better performance.[0m
[0m[[0m[33mwarn[0m] [0m[0mIn the last 8 seconds, 7.6 (98,9%) were spent in GC. [Heap: 0,00GB free of 1,50GB, max 1,50GB] Consider increasing the JVM heap using `-Xmx` or try a different collector, e.g. `-XX:+UseG1GC`, for better performance.[0m
[0m[[0m[33mwarn[0m] [0m[0mIn the last 8 seconds, 7.19 (99,6%) were spent in GC. [Heap: 0,00GB free of 1,50GB, max 1,50GB] Consider increasing the JVM heap using `-Xmx` or try a different collector, e.g. `-XX:+UseG1GC`, for better performance.[0m
[0m[[0m[33mwarn[0m] [0m[0mIn the last 8 seconds, 7.799 (99,8%) were spent in GC. [Heap: 0,00GB free of 1,50GB, max 1,50GB] Consider increasing the JVM heap using `-Xmx` or try a different collector, e.g. `-XX:+UseG1GC`, for better performance.[0m
[0m[[0m[33mwarn[0m] [0m[0mIn the last 7 seconds, 6.315 (99,1%) were spent in GC. [Heap: 0,00GB free of 1,50GB, max 1,50GB] Consider increasing the JVM heap using `-Xmx` or try a different collector, e.g. `-XX:+UseG1GC`, for better performance.[0m
[0m[[0m[33mwarn[0m] [0m[0mIn the last 8 seconds, 7.291 (99,8%) were spent in GC. [Heap: 0,00GB free of 1,50GB, max 1,50GB] Consider increasing the JVM heap using `-Xmx` or try a different collector, e.g. `-XX:+UseG1GC`, for better performance.[0m
[0m[[0m[33mwarn[0m] [0m[0mIn the last 7 seconds, 6.934 (99,6%) were spent in GC. [Heap: 0,00GB free of 1,50GB, max 1,50GB] Consider increasing the JVM heap using `-Xmx` or try a different collector, e.g. `-XX:+UseG1GC`, for better performance.[0m
[0m[[0m[33mwarn[0m] [0m[0mIn the last 9 seconds, 8.32 (99,8%) were spent in GC. [Heap: 0,00GB free of 1,50GB, max 1,50GB] Consider increasing the JVM heap using `-Xmx` or try a different collector, e.g. `-XX:+UseG1GC`, for better performance.[0m
[0m[[0m[33mwarn[0m] [0m[0mIn the last 7 seconds, 6.802 (99,9%) were spent in GC. [Heap: 0,00GB free of 1,50GB, max 1,50GB] Consider increasing the JVM heap using `-Xmx` or try a different collector, e.g. `-XX:+UseG1GC`, for better performance.[0m
[0m[[0m[33mwarn[0m] [0m[0mIn the last 6 seconds, 5.933 (99,5%) were spent in GC. [Heap: 0,00GB free of 1,50GB, max 1,50GB] Consider increasing the JVM heap using `-Xmx` or try a different collector, e.g. `-XX:+UseG1GC`, for better performance.[0m
[0m[[0m[33mwarn[0m] [0m[0mIn the last 10 seconds, 9.185 (99,5%) were spent in GC. [Heap: 0,00GB free of 1,50GB, max 1,50GB] Consider increasing the JVM heap using `-Xmx` or try a different collector, e.g. `-XX:+UseG1GC`, for better performance.[0m
[0m[[0m[33mwarn[0m] [0m[0mIn the last 9 seconds, 8.156 (99,6%) were spent in GC. [Heap: 0,00GB free of 1,50GB, max 1,50GB] Consider increasing the JVM heap using `-Xmx` or try a different collector, e.g. `-XX:+UseG1GC`, for better performance.[0m
[0m[[0m[33mwarn[0m] [0m[0mIn the last 8 seconds, 7.891 (99,7%) were spent in GC. [Heap: 0,00GB free of 1,50GB, max 1,50GB] Consider increasing the JVM heap using `-Xmx` or try a different collector, e.g. `-XX:+UseG1GC`, for better performance.[0m
[0m[[0m[33mwarn[0m] [0m[0mIn the last 8 seconds, 7.816 (99,6%) were spent in GC. [Heap: 0,00GB free of 1,50GB, max 1,50GB] Consider increasing the JVM heap using `-Xmx` or try a different collector, e.g. `-XX:+UseG1GC`, for better performance.[0m
[0m[[0m[33mwarn[0m] [0m[0mIn the last 15 seconds, 13.876 (98,6%) were spent in GC. [Heap: 0,00GB free of 1,50GB, max 1,50GB] Consider increasing the JVM heap using `-Xmx` or try a different collector, e.g. `-XX:+UseG1GC`, for better performance.[0m
[0m[[0m[33mwarn[0m] [0m[0mIn the last 9 seconds, 8.062 (99,5%) were spent in GC. [Heap: 0,00GB free of 1,50GB, max 1,50GB] Consider increasing the JVM heap using `-Xmx` or try a different collector, e.g. `-XX:+UseG1GC`, for better performance.[0m
[0m[[0m[33mwarn[0m] [0m[0mIn the last 6 seconds, 5.16 (99,7%) were spent in GC. [Heap: 0,00GB free of 1,50GB, max 1,50GB] Consider increasing the JVM heap using `-Xmx` or try a different collector, e.g. `-XX:+UseG1GC`, for better performance.[0m
[0m[[0m[33mwarn[0m] [0m[0mIn the last 10 seconds, 9.191 (99,7%) were spent in GC. [Heap: 0,00GB free of 1,50GB, max 1,50GB] Consider increasing the JVM heap using `-Xmx` or try a different collector, e.g. `-XX:+UseG1GC`, for better performance.[0m
[0m[[0m[33mwarn[0m] [0m[0mIn the last 6 seconds, 5.708 (96,8%) were spent in GC. [Heap: 0,00GB free of 1,50GB, max 1,50GB] Consider increasing the JVM heap using `-Xmx` or try a different collector, e.g. `-XX:+UseG1GC`, for better performance.[0m
[0m[[0m[33mwarn[0m] [0m[0mIn the last 8 seconds, 7.378 (99,8%) were spent in GC. [Heap: 0,00GB free of 1,50GB, max 1,50GB] Consider increasing the JVM heap using `-Xmx` or try a different collector, e.g. `-XX:+UseG1GC`, for better performance.[0m
[0m[[0m[33mwarn[0m] [0m[0mIn the last 6 seconds, 5.335 (99,8%) were spent in GC. [Heap: 0,00GB free of 1,50GB, max 1,50GB] Consider increasing the JVM heap using `-Xmx` or try a different collector, e.g. `-XX:+UseG1GC`, for better performance.[0m
